This file contains any messages produced by compilers while
running configure, to aid debugging if configure makes a mistake.

It was created by configure, which was
generated by GNU Autoconf 2.68.  Invocation command line was

  $ ./configure --with-php-config=/opt/php/bin/php-config

## --------- ##
## Platform. ##
## --------- ##

hostname = BM
uname -m = x86_64
uname -r = 3.4.5-2.fc17.x86_64
uname -s = Linux
uname -v = #1 SMP Mon Jul 16 20:52:08 UTC 2012

/usr/bin/uname -p = x86_64
/bin/uname -X     = unknown

/bin/arch              = x86_64
/usr/bin/arch -k       = unknown
/usr/convex/getsysinfo = unknown
/usr/bin/hostinfo      = unknown
/bin/machine           = unknown
/usr/bin/oslevel       = unknown
/bin/universe          = unknown

PATH: /usr/lib64/qt-3.3/bin
PATH: /usr/local/bin
PATH: /usr/bin
PATH: /bin
PATH: /usr/local/sbin
PATH: /usr/sbin
PATH: /home/chopin/.local/bin
PATH: /home/chopin/bin


## ----------- ##
## Core tests. ##
## ----------- ##

configure:2589: checking for grep that handles long lines and -e
configure:2647: result: /usr/bin/grep
configure:2652: checking for egrep
configure:2714: result: /usr/bin/grep -E
configure:2719: checking for a sed that does not truncate output
configure:2773: result: /usr/bin/sed
configure:2905: checking for cc
configure:2921: found /usr/bin/cc
configure:2932: result: cc
configure:2963: checking for C compiler version
configure:2972: cc --version >&5
cc (GCC) 4.7.0 20120507 (Red Hat 4.7.0-5)
Copyright (C) 2012 Free Software Foundation, Inc.
This is free software; see the source for copying conditions.  There is NO
warranty; not even for MERCHANTABILITY or FITNESS FOR A PARTICULAR PURPOSE.

configure:2983: $? = 0
configure:2972: cc -v >&5
Using built-in specs.
COLLECT_GCC=cc
COLLECT_LTO_WRAPPER=/usr/libexec/gcc/x86_64-redhat-linux/4.7.0/lto-wrapper
Target: x86_64-redhat-linux
Configured with: ../configure --prefix=/usr --mandir=/usr/share/man --infodir=/usr/share/info --with-bugurl=http://bugzilla.redhat.com/bugzilla --enable-bootstrap --enable-shared --enable-threads=posix --enable-checking=release --disable-build-with-cxx --disable-build-poststage1-with-cxx --with-system-zlib --enable-__cxa_atexit --disable-libunwind-exceptions --enable-gnu-unique-object --enable-linker-build-id --with-linker-hash-style=gnu --enable-languages=c,c++,objc,obj-c++,java,fortran,ada,go,lto --enable-plugin --enable-initfini-array --enable-java-awt=gtk --disable-dssi --with-java-home=/usr/lib/jvm/java-1.5.0-gcj-1.5.0.0/jre --enable-libgcj-multifile --enable-java-maintainer-mode --with-ecj-jar=/usr/share/java/eclipse-ecj.jar --disable-libjava-multilib --with-ppl --with-cloog --with-tune=generic --with-arch_32=i686 --build=x86_64-redhat-linux
Thread model: posix
gcc version 4.7.0 20120507 (Red Hat 4.7.0-5) (GCC) 
configure:2983: $? = 0
configure:2972: cc -V >&5
cc: error: unrecognized command line option '-V'
cc: fatal error: no input files
compilation terminated.
configure:2983: $? = 4
configure:2972: cc -qversion >&5
cc: error: unrecognized command line option '-qversion'
cc: fatal error: no input files
compilation terminated.
configure:2983: $? = 4
configure:3003: checking whether the C compiler works
configure:3025: cc    conftest.c  >&5
configure:3029: $? = 0
configure:3077: result: yes
configure:3080: checking for C compiler default output file name
configure:3082: result: a.out
configure:3088: checking for suffix of executables
configure:3095: cc -o conftest    conftest.c  >&5
configure:3099: $? = 0
configure:3121: result: 
configure:3143: checking whether we are cross compiling
configure:3151: cc -o conftest    conftest.c  >&5
configure:3155: $? = 0
configure:3162: ./conftest
configure:3166: $? = 0
configure:3181: result: no
configure:3186: checking for suffix of object files
configure:3208: cc -c   conftest.c >&5
configure:3212: $? = 0
configure:3233: result: o
configure:3237: checking whether we are using the GNU C compiler
configure:3256: cc -c   conftest.c >&5
configure:3256: $? = 0
configure:3265: result: yes
configure:3274: checking whether cc accepts -g
configure:3294: cc -c -g  conftest.c >&5
configure:3294: $? = 0
configure:3335: result: yes
configure:3352: checking for cc option to accept ISO C89
configure:3416: cc  -c -g -O2  conftest.c >&5
configure:3416: $? = 0
configure:3429: result: none needed
configure:3455: checking how to run the C preprocessor
configure:3486: cc -E  conftest.c
configure:3486: $? = 0
configure:3500: cc -E  conftest.c
conftest.c:9:28: fatal error: ac_nonexistent.h: No such file or directory
compilation terminated.
configure:3500: $? = 1
configure: failed program was:
| /* confdefs.h */
| #define PACKAGE_NAME ""
| #define PACKAGE_TARNAME ""
| #define PACKAGE_VERSION ""
| #define PACKAGE_STRING ""
| #define PACKAGE_BUGREPORT ""
| #define PACKAGE_URL ""
| /* end confdefs.h.  */
| #include <ac_nonexistent.h>
configure:3525: result: cc -E
configure:3545: cc -E  conftest.c
configure:3545: $? = 0
configure:3559: cc -E  conftest.c
conftest.c:9:28: fatal error: ac_nonexistent.h: No such file or directory
compilation terminated.
configure:3559: $? = 1
configure: failed program was:
| /* confdefs.h */
| #define PACKAGE_NAME ""
| #define PACKAGE_TARNAME ""
| #define PACKAGE_VERSION ""
| #define PACKAGE_STRING ""
| #define PACKAGE_BUGREPORT ""
| #define PACKAGE_URL ""
| /* end confdefs.h.  */
| #include <ac_nonexistent.h>
configure:3590: checking for icc
configure:3599: result: no
configure:3613: checking for suncc
configure:3622: result: no
configure:3640: checking whether cc understands -c and -o together
configure:3668: cc -c conftest.c -o conftest2.o >&5
configure:3672: $? = 0
configure:3678: cc -c conftest.c -o conftest2.o >&5
configure:3682: $? = 0
configure:3737: result: yes
configure:3751: checking for system library directory
configure:3766: result: lib
configure:3773: checking if compiler supports -R
configure:3792: cc -o conftest -g -O2   conftest.c -R /usr/lib  >&5
cc: error: unrecognized option '-R'
configure:3792: $? = 1
configure: failed program was:
| /* confdefs.h */
| #define PACKAGE_NAME ""
| #define PACKAGE_TARNAME ""
| #define PACKAGE_VERSION ""
| #define PACKAGE_STRING ""
| #define PACKAGE_BUGREPORT ""
| #define PACKAGE_URL ""
| /* end confdefs.h.  */
| 
| int
| main ()
| {
| 
|   ;
|   return 0;
| }
configure:3802: result: no
configure:3807: checking if compiler supports -Wl,-rpath,
configure:3826: cc -o conftest -g -O2   conftest.c -Wl,-rpath,/usr/lib  >&5
configure:3826: $? = 0
configure:3836: result: yes
configure:3881: checking build system type
configure:3895: result: x86_64-unknown-linux-gnu
configure:3915: checking host system type
configure:3928: result: x86_64-unknown-linux-gnu
configure:3948: checking target system type
configure:3961: result: x86_64-unknown-linux-gnu
configure:4064: checking for PHP prefix
configure:4066: result: /opt/php
configure:4068: checking for PHP includes
configure:4070: result: -I/opt/php/include/php -I/opt/php/include/php/main -I/opt/php/include/php/TSRM -I/opt/php/include/php/Zend -I/opt/php/include/php/ext -I/opt/php/include/php/ext/date/lib
configure:4072: checking for PHP extension directory
configure:4074: result: /opt/php/lib/php/extensions/no-debug-non-zts-20090626
configure:4076: checking for PHP installed headers prefix
configure:4078: result: /opt/php/include/php
configure:4081: checking if debug is enabled
configure:4107: result: no
configure:4110: checking if zts is enabled
configure:4136: result: no
configure:4210: checking for re2c
configure:4240: result: no
configure:4265: WARNING: You will need re2c 0.13.4 or later if you want to regenerate PHP parsers.
configure:4279: checking for gawk
configure:4296: found /usr/bin/gawk
configure:4307: result: gawk
configure:4355: checking whether to enable epoll support
configure:4394: result: yes, shared
configure:4794: checking for ld used by cc
configure:4861: result: /usr/bin/ld
configure:4868: checking if the linker (/usr/bin/ld) is GNU ld
configure:4883: result: yes
configure:4888: checking for /usr/bin/ld option to reload object files
configure:4895: result: -r
configure:4913: checking for BSD-compatible nm
configure:4962: result: /usr/bin/nm -B
configure:4966: checking whether ln -s works
configure:4970: result: yes
configure:4977: checking how to recognize dependent libraries
configure:5163: result: pass_all
configure:5248: cc -c -g -O2  conftest.c >&5
configure:5251: $? = 0
configure:5375: checking for ANSI C header files
configure:5395: cc -c -g -O2  conftest.c >&5
configure:5395: $? = 0
configure:5468: cc -o conftest -g -O2   conftest.c  >&5
configure:5468: $? = 0
configure:5468: ./conftest
configure:5468: $? = 0
configure:5479: result: yes
configure:5492: checking for sys/types.h
configure:5492: cc -c -g -O2  conftest.c >&5
configure:5492: $? = 0
configure:5492: result: yes
configure:5492: checking for sys/stat.h
configure:5492: cc -c -g -O2  conftest.c >&5
configure:5492: $? = 0
configure:5492: result: yes
configure:5492: checking for stdlib.h
configure:5492: cc -c -g -O2  conftest.c >&5
configure:5492: $? = 0
configure:5492: result: yes
configure:5492: checking for string.h
configure:5492: cc -c -g -O2  conftest.c >&5
configure:5492: $? = 0
configure:5492: result: yes
configure:5492: checking for memory.h
configure:5492: cc -c -g -O2  conftest.c >&5
configure:5492: $? = 0
configure:5492: result: yes
configure:5492: checking for strings.h
configure:5492: cc -c -g -O2  conftest.c >&5
configure:5492: $? = 0
configure:5492: result: yes
configure:5492: checking for inttypes.h
configure:5492: cc -c -g -O2  conftest.c >&5
configure:5492: $? = 0
configure:5492: result: yes
configure:5492: checking for stdint.h
configure:5492: cc -c -g -O2  conftest.c >&5
configure:5492: $? = 0
configure:5492: result: yes
configure:5492: checking for unistd.h
configure:5492: cc -c -g -O2  conftest.c >&5
configure:5492: $? = 0
configure:5492: result: yes
configure:5506: checking dlfcn.h usability
configure:5506: cc -c -g -O2  conftest.c >&5
configure:5506: $? = 0
configure:5506: result: yes
configure:5506: checking dlfcn.h presence
configure:5506: cc -E  conftest.c
configure:5506: $? = 0
configure:5506: result: yes
configure:5506: checking for dlfcn.h
configure:5506: result: yes
configure:5528: checking the maximum length of command line arguments
configure:5640: result: 1572864
configure:5652: checking command to parse /usr/bin/nm -B output from cc object
configure:5757: cc -c -g -O2  conftest.c >&5
configure:5760: $? = 0
configure:5764: /usr/bin/nm -B conftest.o \| sed -n -e 's/^.*[ 	]\([ABCDGIRSTW][ABCDGIRSTW]*\)[ 	][ 	]*\([_A-Za-z][_A-Za-z0-9]*\)$/\1 \2 \2/p' \> conftest.nm
configure:5767: $? = 0
configure:5819: cc -o conftest -g -O2   conftest.c conftstm.o >&5
configure:5822: $? = 0
configure:5860: result: ok
configure:5864: checking for objdir
configure:5879: result: .libs
configure:5971: checking for ar
configure:5987: found /usr/bin/ar
configure:5998: result: ar
configure:6063: checking for ranlib
configure:6079: found /usr/bin/ranlib
configure:6090: result: ranlib
configure:6155: checking for strip
configure:6171: found /usr/bin/strip
configure:6182: result: strip
configure:6751: checking if cc supports -fno-rtti -fno-exceptions
configure:6769: cc -c -g -O2  -fno-rtti -fno-exceptions conftest.c >&5
cc1: warning: command line option '-fno-rtti' is valid for C++/ObjC++ but not for C [enabled by default]
configure:6773: $? = 0
configure:6786: result: no
configure:6801: checking for cc option to produce PIC
configure:7041: result: -fPIC
configure:7049: checking if cc PIC flag -fPIC works
configure:7067: cc -c -g -O2  -fPIC -DPIC conftest.c >&5
configure:7071: $? = 0
configure:7084: result: yes
configure:7112: checking if cc static flag -static works
configure:7140: result: no
configure:7150: checking if cc supports -c -o file.o
configure:7171: cc -c -g -O2  -o out/conftest2.o conftest.c >&5
configure:7175: $? = 0
configure:7197: result: yes
configure:7223: checking whether the cc linker (/usr/bin/ld -m elf_x86_64) supports shared libraries
configure:8155: result: yes
configure:8176: checking whether -lc should be explicitly linked in
configure:8181: cc -c -g -O2  conftest.c >&5
configure:8184: $? = 0
configure:8199: cc -shared conftest.o  -v -Wl,-soname -Wl,conftest -o conftest 2\>\&1 \| grep  -lc  \>/dev/null 2\>\&1
configure:8202: $? = 0
configure:8214: result: no
configure:8222: checking dynamic linker characteristics
configure:8824: result: GNU/Linux ld.so
configure:8848: checking how to hardcode library paths into programs
configure:8873: result: immediate
configure:8887: checking whether stripping libraries is possible
configure:8892: result: yes
configure:9409: checking if libtool supports shared libraries
configure:9411: result: yes
configure:9414: checking whether to build shared libraries
configure:9435: result: yes
configure:9438: checking whether to build static libraries
configure:9442: result: no
configure:9537: result:
creating libtool
configure:13240: creating ./config.status

## ---------------------- ##
## Running config.status. ##
## ---------------------- ##

This file was extended by config.status, which was
generated by GNU Autoconf 2.68.  Invocation command line was

  CONFIG_FILES    = 
  CONFIG_HEADERS  = 
  CONFIG_LINKS    = 
  CONFIG_COMMANDS = 
  $ ./config.status 

on BM

config.status:688: creating config.h
config.status:778: config.h is unchanged

## ---------------- ##
## Cache variables. ##
## ---------------- ##

ac_cv_build=x86_64-unknown-linux-gnu
ac_cv_c_compiler_gnu=yes
ac_cv_env_CC_set=
ac_cv_env_CC_value=
ac_cv_env_CFLAGS_set=
ac_cv_env_CFLAGS_value=
ac_cv_env_CPPFLAGS_set=
ac_cv_env_CPPFLAGS_value=
ac_cv_env_CPP_set=
ac_cv_env_CPP_value=
ac_cv_env_LDFLAGS_set=
ac_cv_env_LDFLAGS_value=
ac_cv_env_LIBS_set=
ac_cv_env_LIBS_value=
ac_cv_env_build_alias_set=
ac_cv_env_build_alias_value=
ac_cv_env_host_alias_set=
ac_cv_env_host_alias_value=
ac_cv_env_target_alias_set=
ac_cv_env_target_alias_value=
ac_cv_header_dlfcn_h=yes
ac_cv_header_inttypes_h=yes
ac_cv_header_memory_h=yes
ac_cv_header_stdc=yes
ac_cv_header_stdint_h=yes
ac_cv_header_stdlib_h=yes
ac_cv_header_string_h=yes
ac_cv_header_strings_h=yes
ac_cv_header_sys_stat_h=yes
ac_cv_header_sys_types_h=yes
ac_cv_header_unistd_h=yes
ac_cv_host=x86_64-unknown-linux-gnu
ac_cv_objext=o
ac_cv_path_EGREP='/usr/bin/grep -E'
ac_cv_path_GREP=/usr/bin/grep
ac_cv_prog_AWK=gawk
ac_cv_prog_CPP='cc -E'
ac_cv_prog_ac_ct_AR=ar
ac_cv_prog_ac_ct_CC=cc
ac_cv_prog_ac_ct_RANLIB=ranlib
ac_cv_prog_ac_ct_STRIP=strip
ac_cv_prog_cc_c89=
ac_cv_prog_cc_cc_c_o=yes
ac_cv_prog_cc_g=yes
ac_cv_target=x86_64-unknown-linux-gnu
lt_cv_deplibs_check_method=pass_all
lt_cv_file_magic_cmd='$MAGIC_CMD'
lt_cv_file_magic_test_file=
lt_cv_ld_reload_flag=-r
lt_cv_objdir=.libs
lt_cv_path_LD=/usr/bin/ld
lt_cv_path_NM='/usr/bin/nm -B'
lt_cv_path_SED=/usr/bin/sed
lt_cv_prog_compiler_c_o=yes
lt_cv_prog_compiler_pic_works=yes
lt_cv_prog_compiler_rtti_exceptions=no
lt_cv_prog_compiler_static_works=no
lt_cv_prog_gnu_ld=yes
lt_cv_sys_global_symbol_pipe='sed -n -e '\''s/^.*[ 	]\([ABCDGIRSTW][ABCDGIRSTW]*\)[ 	][ 	]*\([_A-Za-z][_A-Za-z0-9]*\)$/\1 \2 \2/p'\'''
lt_cv_sys_global_symbol_to_c_name_address='sed -n -e '\''s/^: \([^ ]*\) $/  {\"\1\", (lt_ptr) 0},/p'\'' -e '\''s/^[BCDEGRST] \([^ ]*\) \([^ ]*\)$/  {"\2", (lt_ptr) \&\2},/p'\'''
lt_cv_sys_global_symbol_to_cdecl='sed -n -e '\''s/^. .* \(.*\)$/extern int \1;/p'\'''
lt_cv_sys_lib_dlsearch_path_spec='/lib /usr/lib /usr/lib64/atlas /usr/lib64/freetype-freeworld /usr/lib/llvm /usr/lib64/llvm /usr/lib64/mysql /usr/lib/nvidia /usr/lib64/nvidia /usr/lib64/qt-3.3/lib /usr/lib64/tcl8.5 /usr/lib64/tracker-0.14 /usr/lib/wine/ /usr/lib64/wine/ /usr/lib64/xulrunner-2 '
lt_cv_sys_lib_search_path_spec='/usr/lib/gcc/x86_64-redhat-linux/4.7.0 /usr/lib64 /lib64'
lt_cv_sys_max_cmd_len=1572864
lt_lt_cv_prog_compiler_c_o='"yes"'
lt_lt_cv_sys_global_symbol_pipe='"sed -n -e '\''s/^.*[ 	]\\([ABCDGIRSTW][ABCDGIRSTW]*\\)[ 	][ 	]*\\([_A-Za-z][_A-Za-z0-9]*\\)\$/\\1 \\2 \\2/p'\''"'
lt_lt_cv_sys_global_symbol_to_c_name_address='"sed -n -e '\''s/^: \\([^ ]*\\) \$/  {\\\"\\1\\\", (lt_ptr) 0},/p'\'' -e '\''s/^[BCDEGRST] \\([^ ]*\\) \\([^ ]*\\)\$/  {\"\\2\", (lt_ptr) \\&\\2},/p'\''"'
lt_lt_cv_sys_global_symbol_to_cdecl='"sed -n -e '\''s/^. .* \\(.*\\)\$/extern int \\1;/p'\''"'
php_cv_cc_dashr=no
php_cv_cc_rpath=yes

## ----------------- ##
## Output variables. ##
## ----------------- ##

AR='ar'
AWK='gawk'
CC='cc'
CFLAGS='-g -O2'
CONFIGURE_COMMAND=' '\''./configure'\''  '\''--with-php-config=/opt/php/bin/php-config'\'''
CONFIGURE_OPTIONS=' '\''--with-php-config=/opt/php/bin/php-config'\'''
CPP='cc -E'
CPPFLAGS=' -DHAVE_CONFIG_H'
DEFS='-DHAVE_CONFIG_H'
DSYMUTIL=''
ECHO='echo'
ECHO_C=''
ECHO_N='-n'
ECHO_T=''
EGREP='/usr/bin/grep -E'
EXEEXT=''
GREP='/usr/bin/grep'
LDFLAGS=''
LIBOBJS=''
LIBS=''
LIBTOOL='$(SHELL) $(top_builddir)/libtool'
LN_S='ln -s'
LTLIBOBJS=''
NMEDIT=''
OBJEXT='o'
PACKAGE_BUGREPORT=''
PACKAGE_NAME=''
PACKAGE_STRING=''
PACKAGE_TARNAME=''
PACKAGE_URL=''
PACKAGE_VERSION=''
PATH_SEPARATOR=':'
RANLIB='ranlib'
RE2C='exit 0;'
SED='/usr/bin/sed'
SHELL='/bin/sh'
SHLIB_DL_SUFFIX_NAME='so'
SHLIB_SUFFIX_NAME='so'
STRIP='strip'
ac_ct_CC='cc'
bindir='${exec_prefix}/bin'
build='x86_64-unknown-linux-gnu'
build_alias=''
build_cpu='x86_64'
build_os='linux-gnu'
build_vendor='unknown'
datadir='${datarootdir}'
datarootdir='${prefix}/share'
docdir='${datarootdir}/doc/${PACKAGE}'
dvidir='${docdir}'
exec_prefix='$(prefix)'
host='x86_64-unknown-linux-gnu'
host_alias='x86_64-unknown-linux-gnu'
host_cpu='x86_64'
host_os='linux-gnu'
host_vendor='unknown'
htmldir='${docdir}'
includedir='${prefix}/include'
infodir='${datarootdir}/info'
libdir='${exec_prefix}/lib'
libexecdir='${exec_prefix}/libexec'
localedir='${datarootdir}/locale'
localstatedir='${prefix}/var'
mandir='${datarootdir}/man'
oldincludedir='/usr/include'
pdfdir='${docdir}'
prefix='/opt/php'
program_transform_name='s,x,x,'
psdir='${docdir}'
sbindir='${exec_prefix}/sbin'
sharedstatedir='${prefix}/com'
sysconfdir='${prefix}/etc'
target='x86_64-unknown-linux-gnu'
target_alias=''
target_cpu='x86_64'
target_os='linux-gnu'
target_vendor='unknown'

## ----------- ##
## confdefs.h. ##
## ----------- ##

/* confdefs.h */
#define PACKAGE_NAME ""
#define PACKAGE_TARNAME ""
#define PACKAGE_VERSION ""
#define PACKAGE_STRING ""
#define PACKAGE_BUGREPORT ""
#define PACKAGE_URL ""
#define COMPILE_DL_EPOLL 1
#define STDC_HEADERS 1
#define HAVE_SYS_TYPES_H 1
#define HAVE_SYS_STAT_H 1
#define HAVE_STDLIB_H 1
#define HAVE_STRING_H 1
#define HAVE_MEMORY_H 1
#define HAVE_STRINGS_H 1
#define HAVE_INTTYPES_H 1
#define HAVE_STDINT_H 1
#define HAVE_UNISTD_H 1
#define HAVE_DLFCN_H 1

configure: exit 0
